C:\Program Files\PySegmentation\python_installer.exe - Access is denied.
The process cannot access the file because it is being used by another process.
A subdirectory or file C:\Program Files\PySegmentation already exists.
The system cannot find the path specified.
C:\Program Files\PySegmentation\python_installer.exe - Access is denied.
The process cannot access the file because it is being used by another process.
A subdirectory or file C:\Program Files\PySegmentation already exists.
WARNING: You are using pip version 20.2.3; however, version 23.2.1 is available.
You should consider upgrading via the 'C:\Program Files\PySegmentation\python\python.exe -m pip install --upgrade pip' command.
WARNING: You are using pip version 20.2.3; however, version 23.2.1 is available.
You should consider upgrading via the 'C:\Program Files\PySegmentation\python\python.exe -m pip install --upgrade pip' command.
A subdirectory or file C:\Program Files\PySegmentation already exists.
WARNING: You are using pip version 20.2.3; however, version 23.2.1 is available.
You should consider upgrading via the 'C:\Program Files\PySegmentation\python\python.exe -m pip install --upgrade pip' command.
A subdirectory or file C:\Program Files\PySegmentation already exists.
WARNING: You are using pip version 20.2.3; however, version 23.2.1 is available.
You should consider upgrading via the 'C:\Program Files\PySegmentation\python\python.exe -m pip install --upgrade pip' command.
WARNING: You are using pip version 20.2.3; however, version 23.2.1 is available.
You should consider upgrading via the 'C:\Program Files\PySegmentation\python\python.exe -m pip install --upgrade pip' command.
WARNING: You are using pip version 20.2.3; however, version 23.2.1 is available.
You should consider upgrading via the 'C:\Program Files\PySegmentation\python\python.exe -m pip install --upgrade pip' command.
A subdirectory or file C:\Program Files\PySegmentation already exists.
